Using pre-set license
Built from '2021.3/staging' branch; Version is '2021.3.18f1 (3129e69bc0c7) revision 3221990'; Using compiler version '192829333'; Build Type 'Release'
OS: 'Windows 10  (10.0.19045) 64bit Education' Language: 'ko' Physical Memory: 16295 MB
BatchMode: 1, IsHumanControllingUs: 0, StartBugReporterOnCrash: 0, Is64bit: 1, IsPro: 1

COMMAND LINE ARGUMENTS:
C:\Program Files\Unity\Hub\Editor\2021.3.18f1\Editor\Unity.exe
-adb2
-batchMode
-noUpm
-name
AssetImportWorker0
-projectPath
C:/Users/Hongik/Documents/GitHub/GEP_HW2/GEP_HW2
-logFile
Logs/AssetImportWorker0.log
-srvPort
58685
Successfully changed project path to: C:/Users/Hongik/Documents/GitHub/GEP_HW2/GEP_HW2
C:/Users/Hongik/Documents/GitHub/GEP_HW2/GEP_HW2
[UnityMemory] Configuration Parameters - Can be set up in boot.config
    "memorysetup-bucket-allocator-granularity=16"
    "memorysetup-bucket-allocator-bucket-count=8"
    "memorysetup-bucket-allocator-block-size=33554432"
    "memorysetup-bucket-allocator-block-count=8"
    "memorysetup-main-allocator-block-size=16777216"
    "memorysetup-thread-allocator-block-size=16777216"
    "memorysetup-gfx-main-allocator-block-size=16777216"
    "memorysetup-gfx-thread-allocator-block-size=16777216"
    "memorysetup-cache-allocator-block-size=4194304"
    "memorysetup-typetree-allocator-block-size=2097152"
    "memorysetup-profiler-bucket-allocator-granularity=16"
    "memorysetup-profiler-bucket-allocator-bucket-count=8"
    "memorysetup-profiler-bucket-allocator-block-size=33554432"
    "memorysetup-profiler-bucket-allocator-block-count=8"
    "memorysetup-profiler-allocator-block-size=16777216"
    "memorysetup-profiler-editor-allocator-block-size=1048576"
    "memorysetup-temp-allocator-size-main=16777216"
    "memorysetup-job-temp-allocator-block-size=2097152"
    "memorysetup-job-temp-allocator-block-size-background=1048576"
    "memorysetup-job-temp-allocator-reduction-small-platforms=262144"
    "memorysetup-temp-allocator-size-background-worker=32768"
    "memorysetup-temp-allocator-size-job-worker=262144"
    "memorysetup-temp-allocator-size-preload-manager=33554432"
    "memorysetup-temp-allocator-size-nav-mesh-worker=65536"
    "memorysetup-temp-allocator-size-audio-worker=65536"
    "memorysetup-temp-allocator-size-cloud-worker=32768"
    "memorysetup-temp-allocator-size-gi-baking-worker=262144"
    "memorysetup-temp-allocator-size-gfx=262144"
Player connection [23276] Host "[IP] 223.194.96.191 [Port] 0 [Flags] 2 [Guid] 1582204204 [EditorId] 1582204204 [Version] 1048832 [Id] WindowsEditor(7,A307_42) [Debug] 1 [PackageName] WindowsEditor [ProjectName] Editor" joined multi-casting on [225.0.0.222:54997]...

Player connection [23276] Host "[IP] 223.194.96.191 [Port] 0 [Flags] 2 [Guid] 1582204204 [EditorId] 1582204204 [Version] 1048832 [Id] WindowsEditor(7,A307_42) [Debug] 1 [PackageName] WindowsEditor [ProjectName] Editor" joined alternative multi-casting on [225.0.0.222:34997]...

Refreshing native plugins compatible for Editor in 91.40 ms, found 3 plugins.
Preloading 0 native plugins for Editor in 0.00 ms.
Initialize engine version: 2021.3.18f1 (3129e69bc0c7)
[Subsystems] Discovering subsystems at path C:/Program Files/Unity/Hub/Editor/2021.3.18f1/Editor/Data/Resources/UnitySubsystems
[Subsystems] Discovering subsystems at path C:/Users/Hongik/Documents/GitHub/GEP_HW2/GEP_HW2/Assets
GfxDevice: creating device client; threaded=0; jobified=0
Direct3D:
    Version:  Direct3D 11.0 [level 11.1]
    Renderer: Intel(R) HD Graphics 630 (ID=0x5912)
    Vendor:   Intel
    VRAM:     8147 MB
    Driver:   26.20.100.7870
Initialize mono
Mono path[0] = 'C:/Program Files/Unity/Hub/Editor/2021.3.18f1/Editor/Data/Managed'
Mono path[1] = 'C:/Program Files/Unity/Hub/Editor/2021.3.18f1/Editor/Data/MonoBleedingEdge/lib/mono/unityjit-win32'
Mono config path = 'C:/Program Files/Unity/Hub/Editor/2021.3.18f1/Editor/Data/MonoBleedingEdge/etc'
Using monoOptions --debugger-agent=transport=dt_socket,embedding=1,server=y,suspend=n,address=127.0.0.1:56812
Begin MonoManager ReloadAssembly
Registering precompiled unity dll's ...
Register platform support module: C:/Program Files/Unity/Hub/Editor/2021.3.18f1/Editor/Data/PlaybackEngines/WindowsStandaloneSupport/UnityEditor.WindowsStandalone.Extensions.dll
Registered in 0.024630 seconds.
Native extension for WindowsStandalone target not found
Refreshing native plugins compatible for Editor in 83.44 ms, found 3 plugins.
Preloading 0 native plugins for Editor in 0.00 ms.
Mono: successfully reloaded assembly
- Completed reload, in  0.779 seconds
Domain Reload Profiling:
	ReloadAssembly (779ms)
		BeginReloadAssembly (129ms)
			ExecutionOrderSort (0ms)
			DisableScriptedObjects (0ms)
			BackupInstance (0ms)
			ReleaseScriptingObjects (0ms)
			CreateAndSetChildDomain (1ms)
		EndReloadAssembly (485ms)
			LoadAssemblies (122ms)
			RebuildTransferFunctionScriptingTraits (0ms)
			SetupTypeCache (116ms)
			ReleaseScriptCaches (0ms)
			RebuildScriptCaches (31ms)
			SetupLoadedEditorAssemblies (271ms)
				LogAssemblyErrors (0ms)
				InitializePlatformSupportModulesInManaged (13ms)
				SetLoadedEditorAssemblies (0ms)
				RefreshPlugins (84ms)
				BeforeProcessingInitializeOnLoad (1ms)
				ProcessInitializeOnLoadAttributes (123ms)
				ProcessInitializeOnLoadMethodAttributes (49ms)
				AfterProcessingInitializeOnLoad (0ms)
				EditorAssembliesLoaded (0ms)
			ExecutionOrderSort2 (0ms)
			AwakeInstancesAfterBackupRestoration (0ms)
Platform modules already initialized, skipping
Registering precompiled user dll's ...
Registered in 0.011948 seconds.
Begin MonoManager ReloadAssembly
Symbol file LoadedFromMemory doesn't match image C:\Users\Hongik\Documents\GitHub\GEP_HW2\GEP_HW2\Library\PackageCache\com.unity.visualscripting@1.8.0\Editor\VisualScripting.Core\Dependencies\YamlDotNet\Unity.VisualScripting.YamlDotNet.dll
Symbol file LoadedFromMemory doesn't match image C:\Users\Hongik\Documents\GitHub\GEP_HW2\GEP_HW2\Library\PackageCache\com.unity.visualscripting@1.8.0\Editor\VisualScripting.Core\Dependencies\DotNetZip\Unity.VisualScripting.IonicZip.dll
Native extension for WindowsStandalone target not found
Refreshing native plugins compatible for Editor in 0.57 ms, found 3 plugins.
Preloading 0 native plugins for Editor in 0.00 ms.
Mono: successfully reloaded assembly
- Completed reload, in  1.252 seconds
Domain Reload Profiling:
	ReloadAssembly (1253ms)
		BeginReloadAssembly (155ms)
			ExecutionOrderSort (0ms)
			DisableScriptedObjects (7ms)
			BackupInstance (0ms)
			ReleaseScriptingObjects (0ms)
			CreateAndSetChildDomain (20ms)
		EndReloadAssembly (941ms)
			LoadAssemblies (129ms)
			RebuildTransferFunctionScriptingTraits (0ms)
			SetupTypeCache (286ms)
			ReleaseScriptCaches (1ms)
			RebuildScriptCaches (54ms)
			SetupLoadedEditorAssemblies (452ms)
				LogAssemblyErrors (0ms)
				InitializePlatformSupportModulesInManaged (11ms)
				SetLoadedEditorAssemblies (0ms)
				RefreshPlugins (1ms)
				BeforeProcessingInitializeOnLoad (132ms)
				ProcessInitializeOnLoadAttributes (258ms)
				ProcessInitializeOnLoadMethodAttributes (21ms)
				AfterProcessingInitializeOnLoad (30ms)
				EditorAssembliesLoaded (0ms)
			ExecutionOrderSort2 (0ms)
			AwakeInstancesAfterBackupRestoration (6ms)
Platform modules already initialized, skipping
========================================================================
Worker process is ready to serve import requests
Launched and connected shader compiler UnityShaderCompiler.exe after 0.05 seconds
Refreshing native plugins compatible for Editor in 0.48 ms, found 3 plugins.
Preloading 0 native plugins for Editor in 0.00 ms.
Unloading 3225 Unused Serialized files (Serialized files now loaded: 0)
Unloading 37 unused Assets / (184.7 KB). Loaded Objects now: 3708.
Memory consumption went from 133.8 MB to 133.6 MB.
Total: 2.769100 ms (FindLiveObjects: 0.252200 ms CreateObjectMapping: 0.183300 ms MarkObjects: 2.208000 ms  DeleteObjects: 0.124800 ms)

AssetImportParameters requested are different than current active one (requested -> active):
  custom:video-decoder-ogg-theora: a1e56fd34408186e4bbccfd4996cb3dc -> 
  custom:container-muxer-webm: aa71ff27fc2769a1b78a27578f13a17b -> 
  custom:container-demuxer-webm: 4f35f7cbe854078d1ac9338744f61a02 -> 
  custom:video-encoder-webm-vp8: eb34c28f22e8b96e1ab97ce403110664 -> 
  custom:audio-encoder-webm-vorbis: bf7c407c2cedff20999df2af8eb42d56 -> 
  custom:framework-win-MediaFoundation: 216162199b28c13a410421893ffa2e32 -> 
  custom:container-demuxer-ogg: 62fdf1f143b41e24485cea50d1cbac27 -> 
  custom:video-decoder-webm-vp8: 9c59270c3fd7afecdb556c50c9e8de78 -> 
  custom:audio-decoder-ogg-vorbis: bf7c407c2cedff20999df2af8eb42d56 -> 
========================================================================
Received Import Request.
  Time since last request: 4470.171851 seconds.
  path: Assets/Main Camera Blends.asset
  artifactKey: Guid(8ef6fa50aca7892468b3f694a1877736) Importer(815301076,1909f56bfc062723c751e8b465ee728b)
Start importing Assets/Main Camera Blends.asset using Guid(8ef6fa50aca7892468b3f694a1877736) Importer(815301076,1909f56bfc062723c751e8b465ee728b)  -> (artifact id: '0816dca2781cc12eff711dce5cf71a2b') in 0.041051 seconds 
========================================================================
Received Import Request.
  Time since last request: 0.000021 seconds.
  path: Assets/Tree.prefab
  artifactKey: Guid(b9c55c015c2c4454b861a51a5c8f517e) Importer(815301076,1909f56bfc062723c751e8b465ee728b)
Start importing Assets/Tree.prefab using Guid(b9c55c015c2c4454b861a51a5c8f517e) Importer(815301076,1909f56bfc062723c751e8b465ee728b)  -> (artifact id: '27b42181c423688f0662fc95e16eb013') in 0.169307 seconds 
========================================================================
Received Import Request.
  Time since last request: 14.161242 seconds.
  path: Assets/Scenes/KimjungchulGothic-Regular.ttf
  artifactKey: Guid(8b4c2e3fcbec2b7408f6051eb947323a) Importer(815301076,1909f56bfc062723c751e8b465ee728b)
Start importing Assets/Scenes/KimjungchulGothic-Regular.ttf using Guid(8b4c2e3fcbec2b7408f6051eb947323a) Importer(815301076,1909f56bfc062723c751e8b465ee728b)  -> (artifact id: '6e0c4cef890e4e66d72c9fcd0d6d5635') in 0.035252 seconds 
========================================================================
Received Import Request.
  Time since last request: 3.094999 seconds.
  path: Assets/Resources/Prefab
  artifactKey: Guid(1e97d0209946e2444ab9ca05e634553f) Importer(815301076,1909f56bfc062723c751e8b465ee728b)
Start importing Assets/Resources/Prefab using Guid(1e97d0209946e2444ab9ca05e634553f) Importer(815301076,1909f56bfc062723c751e8b465ee728b)  -> (artifact id: 'f3693e6345434496e2f348364b1dd04b') in 0.003586 seconds 
========================================================================
Received Import Request.
  Time since last request: 0.055544 seconds.
  path: Assets/Resources/Prefab/Apple.prefab
  artifactKey: Guid(30b1b50338b0ef943a3762e8aa8b5ecf) Importer(815301076,1909f56bfc062723c751e8b465ee728b)
Start importing Assets/Resources/Prefab/Apple.prefab using Guid(30b1b50338b0ef943a3762e8aa8b5ecf) Importer(815301076,1909f56bfc062723c751e8b465ee728b)  -> (artifact id: '36ffa73a2e95640d600ef4835157c383') in 0.018202 seconds 
========================================================================
Received Import Request.
  Time since last request: 29.401444 seconds.
  path: Assets/Resources/Prefab/Apple.prefab
  artifactKey: Guid(30b1b50338b0ef943a3762e8aa8b5ecf) Importer(815301076,1909f56bfc062723c751e8b465ee728b)
Start importing Assets/Resources/Prefab/Apple.prefab using Guid(30b1b50338b0ef943a3762e8aa8b5ecf) Importer(815301076,1909f56bfc062723c751e8b465ee728b)  -> (artifact id: '2013d40d29a7ffad238cf24670f5495e') in 0.017637 seconds 
========================================================================
Received Import Request.
  Time since last request: 2.539569 seconds.
  path: Assets/Resources/Prefab/Apple.prefab
  artifactKey: Guid(30b1b50338b0ef943a3762e8aa8b5ecf) Importer(815301076,1909f56bfc062723c751e8b465ee728b)
Start importing Assets/Resources/Prefab/Apple.prefab using Guid(30b1b50338b0ef943a3762e8aa8b5ecf) Importer(815301076,1909f56bfc062723c751e8b465ee728b)  -> (artifact id: '6b43d64eb84743fb8aa37f9c6c84d8c2') in 0.018975 seconds 
========================================================================
Received Import Request.
  Time since last request: 2.396154 seconds.
  path: Assets/Resources/Prefab/Apple.prefab
  artifactKey: Guid(30b1b50338b0ef943a3762e8aa8b5ecf) Importer(815301076,1909f56bfc062723c751e8b465ee728b)
Start importing Assets/Resources/Prefab/Apple.prefab using Guid(30b1b50338b0ef943a3762e8aa8b5ecf) Importer(815301076,1909f56bfc062723c751e8b465ee728b)  -> (artifact id: '1b62395b55fbb255de321aaea7cf27c1') in 0.031754 seconds 
========================================================================
Received Import Request.
  Time since last request: 5.080564 seconds.
  path: Assets/Resources/Material/Apple.mat
  artifactKey: Guid(7227b0995d5c72a4ea866d9dbee16bc7) Importer(815301076,1909f56bfc062723c751e8b465ee728b)
Start importing Assets/Resources/Material/Apple.mat using Guid(7227b0995d5c72a4ea866d9dbee16bc7) Importer(815301076,1909f56bfc062723c751e8b465ee728b)  -> (artifact id: '8bbd4d571134579eff3d6b2ab06d44f5') in 0.020199 seconds 
========================================================================
Received Import Request.
  Time since last request: 0.000025 seconds.
  path: Assets/Resources/Material/New Material.mat
  artifactKey: Guid(ac1b365179ddf414db116041f03072e7) Importer(815301076,1909f56bfc062723c751e8b465ee728b)
Start importing Assets/Resources/Material/New Material.mat using Guid(ac1b365179ddf414db116041f03072e7) Importer(815301076,1909f56bfc062723c751e8b465ee728b)  -> (artifact id: '1c846ac10098815c062bda440bfa2d85') in 0.017732 seconds 
========================================================================
Received Import Request.
  Time since last request: 0.000021 seconds.
  path: Assets/Resources/Material/New Material 1.mat
  artifactKey: Guid(194a1c569a61cce4bb1e73e6de0e0828) Importer(815301076,1909f56bfc062723c751e8b465ee728b)
Start importing Assets/Resources/Material/New Material 1.mat using Guid(194a1c569a61cce4bb1e73e6de0e0828) Importer(815301076,1909f56bfc062723c751e8b465ee728b)  -> (artifact id: '808d56acaf137f6a6dc247c315a98212') in 0.016221 seconds 
========================================================================
Received Import Request.
  Time since last request: 2.090457 seconds.
  path: Assets/Font/KimjungchulGothic-Regular SDF.asset
  artifactKey: Guid(dd086acae7317014480e2fff359e9de8) Importer(815301076,1909f56bfc062723c751e8b465ee728b)
Start importing Assets/Font/KimjungchulGothic-Regular SDF.asset using Guid(dd086acae7317014480e2fff359e9de8) Importer(815301076,1909f56bfc062723c751e8b465ee728b)  -> (artifact id: 'cde033c4f9e59f2cf0c2f1a7922af34d') in 0.250564 seconds 
========================================================================
Received Import Request.
  Time since last request: 0.480411 seconds.
  path: Assets/Resources/Material/Man/Eye.mat
  artifactKey: Guid(f6a1ce04edeec5744ba6e202d55ba5a1) Importer(815301076,1909f56bfc062723c751e8b465ee728b)
Start importing Assets/Resources/Material/Man/Eye.mat using Guid(f6a1ce04edeec5744ba6e202d55ba5a1) Importer(815301076,1909f56bfc062723c751e8b465ee728b)  -> (artifact id: 'e603daf86a71af2cc53ebad072dd6bc1') in 0.011987 seconds 
========================================================================
Received Import Request.
  Time since last request: 0.000021 seconds.
  path: Assets/Resources/Material/Man/Hair.mat
  artifactKey: Guid(1eb17d75b8aacba469040db1127c72bf) Importer(815301076,1909f56bfc062723c751e8b465ee728b)
Start importing Assets/Resources/Material/Man/Hair.mat using Guid(1eb17d75b8aacba469040db1127c72bf) Importer(815301076,1909f56bfc062723c751e8b465ee728b)  -> (artifact id: 'd2dc3bc12eecfb827354c8f2101bea21') in 0.015812 seconds 
Editor requested this worker to shutdown with reason: Scaling down because of idle timeout
AssetImportWorker is now disconnected from the server
Process exiting
Exiting without the bug reporter. Application will terminate with return code 0